[debug] [2021-11-10T16:37:40.272Z] ----------------------------------------------------------------------
[debug] [2021-11-10T16:37:40.275Z] Command:       C:\Program Files\nodejs\node.exe C:\Users\Emon\AppData\Roaming\npm\node_modules\firebase-tools\lib\bin\firebase.js deploy
[debug] [2021-11-10T16:37:40.276Z] CLI Version:   9.22.0
[debug] [2021-11-10T16:37:40.276Z] Platform:      win32
[debug] [2021-11-10T16:37:40.276Z] Node Version:  v14.17.1
[debug] [2021-11-10T16:37:40.280Z] Time:          Wed Nov 10 2021 22:37:40 GMT+0600 (Bangladesh Standard Time)
[debug] [2021-11-10T16:37:40.280Z] ----------------------------------------------------------------------
[debug] 
[debug] [2021-11-10T16:37:40.377Z] > command requires scopes: ["email","openid","https://www.googleapis.com/auth/cloudplatformprojects.readonly","https://www.googleapis.com/auth/firebase","https://www.googleapis.com/auth/cloud-platform"]
[debug] [2021-11-10T16:37:40.378Z] > authorizing via signed-in user (wahedemon09@gmail.com)
[debug] [2021-11-10T16:37:40.378Z] [iam] checking project watch-box-eb445 for permissions ["firebase.projects.get","firebasehosting.sites.update"]
[debug] [2021-11-10T16:37:40.382Z] > refreshing access token with scopes: ["email","https://www.googleapis.com/auth/cloud-platform","https://www.googleapis.com/auth/cloudplatformprojects.readonly","https://www.googleapis.com/auth/firebase","openid"]
[debug] [2021-11-10T16:37:40.382Z] >>> HTTP REQUEST POST https://www.googleapis.com/oauth2/v3/token  
 <request body omitted>
[debug] [2021-11-10T16:37:41.288Z] <<< HTTP RESPONSE 200 {"date":"Wed, 10 Nov 2021 16:37:42 GMT","pragma":"no-cache","expires":"Mon, 01 Jan 1990 00:00:00 GMT","cache-control":"no-cache, no-store, max-age=0, must-revalidate","content-type":"application/json; charset=utf-8","vary":"X-Origin, Referer, Origin,Accept-Encoding","server":"scaffolding on HTTPServer2","x-xss-protection":"0","x-frame-options":"SAMEORIGIN","x-content-type-options":"nosniff","alt-svc":"h3=\":443\"; ma=2592000,h3-29=\":443\"; ma=2592000,h3-Q050=\":443\"; ma=2592000,h3-Q046=\":443\"; ma=2592000,h3-Q043=\":443\"; ma=2592000,quic=\":443\"; ma=2592000; v=\"46,43\"","accept-ranges":"none","transfer-encoding":"chunked"}
[debug] [2021-11-10T16:37:41.307Z] >>> HTTP REQUEST POST https://cloudresourcemanager.googleapis.com/v1/projects/watch-box-eb445:testIamPermissions  
 {"permissions":["firebase.projects.get","firebasehosting.sites.update"]}
[debug] [2021-11-10T16:37:45.118Z] <<< HTTP RESPONSE 200 {"content-type":"application/json; charset=UTF-8","vary":"X-Origin, Referer, Origin,Accept-Encoding","date":"Wed, 10 Nov 2021 16:37:44 GMT","server":"ESF","cache-control":"private","x-xss-protection":"0","x-frame-options":"SAMEORIGIN","x-content-type-options":"nosniff","server-timing":"gfet4t7; dur=215","alt-svc":"h3=\":443\"; ma=2592000,h3-29=\":443\"; ma=2592000,h3-Q050=\":443\"; ma=2592000,h3-Q046=\":443\"; ma=2592000,h3-Q043=\":443\"; ma=2592000,quic=\":443\"; ma=2592000; v=\"46,43\"","accept-ranges":"none","transfer-encoding":"chunked"}
[debug] [2021-11-10T16:37:45.121Z] > refreshing access token with scopes: []
[debug] [2021-11-10T16:37:45.121Z] >>> HTTP REQUEST POST https://www.googleapis.com/oauth2/v3/token  
 <request body omitted>
[debug] [2021-11-10T16:37:46.006Z] <<< HTTP RESPONSE 200 {"pragma":"no-cache","date":"Wed, 10 Nov 2021 16:37:47 GMT","cache-control":"no-cache, no-store, max-age=0, must-revalidate","expires":"Mon, 01 Jan 1990 00:00:00 GMT","content-type":"application/json; charset=utf-8","vary":"X-Origin, Referer, Origin,Accept-Encoding","server":"scaffolding on HTTPServer2","x-xss-protection":"0","x-frame-options":"SAMEORIGIN","x-content-type-options":"nosniff","alt-svc":"h3=\":443\"; ma=2592000,h3-29=\":443\"; ma=2592000,h3-Q050=\":443\"; ma=2592000,h3-Q046=\":443\"; ma=2592000,h3-Q043=\":443\"; ma=2592000,quic=\":443\"; ma=2592000; v=\"46,43\"","accept-ranges":"none","transfer-encoding":"chunked"}
[debug] [2021-11-10T16:37:46.020Z] >>> [apiv2][query] GET https://firebase.googleapis.com/v1beta1/projects/watch-box-eb445 [none]
[debug] [2021-11-10T16:37:46.668Z] <<< [apiv2][status] GET https://firebase.googleapis.com/v1beta1/projects/watch-box-eb445 200
[debug] [2021-11-10T16:37:46.668Z] <<< [apiv2][body] GET https://firebase.googleapis.com/v1beta1/projects/watch-box-eb445 {"projectId":"watch-box-eb445","projectNumber":"293300953362","displayName":"Watch-Box","name":"projects/watch-box-eb445","resources":{"hostingSite":"watch-box-eb445"},"state":"ACTIVE"}
[info] 
[info] === Deploying to 'watch-box-eb445'...
[info] 
[info] i  deploying hosting 
[debug] [2021-11-10T16:37:46.677Z] > refreshing access token with scopes: ["email","https://www.googleapis.com/auth/cloud-platform","https://www.googleapis.com/auth/cloudplatformprojects.readonly","https://www.googleapis.com/auth/firebase","openid"]
[debug] [2021-11-10T16:37:46.678Z] >>> HTTP REQUEST POST https://www.googleapis.com/oauth2/v3/token  
 <request body omitted>
[debug] [2021-11-10T16:37:47.015Z] <<< HTTP RESPONSE 200 {"expires":"Mon, 01 Jan 1990 00:00:00 GMT","cache-control":"no-cache, no-store, max-age=0, must-revalidate","pragma":"no-cache","date":"Wed, 10 Nov 2021 16:37:48 GMT","content-type":"application/json; charset=utf-8","vary":"X-Origin, Referer, Origin,Accept-Encoding","server":"scaffolding on HTTPServer2","x-xss-protection":"0","x-frame-options":"SAMEORIGIN","x-content-type-options":"nosniff","alt-svc":"h3=\":443\"; ma=2592000,h3-29=\":443\"; ma=2592000,h3-Q050=\":443\"; ma=2592000,h3-Q046=\":443\"; ma=2592000,h3-Q043=\":443\"; ma=2592000,quic=\":443\"; ma=2592000; v=\"46,43\"","accept-ranges":"none","transfer-encoding":"chunked"}
[debug] [2021-11-10T16:37:47.028Z] >>> HTTP REQUEST POST https://firebasehosting.googleapis.com/v1beta1/sites/watch-box-eb445/versions  
 {"config":{"rewrites":[{"glob":"**","path":"/index.html"}]},"labels":{"deployment-tool":"cli-firebase"}}
[debug] [2021-11-10T16:37:50.311Z] <<< HTTP RESPONSE 200 {"content-type":"application/json; charset=UTF-8","vary":"X-Origin, Referer, Origin,Accept-Encoding","date":"Wed, 10 Nov 2021 16:37:51 GMT","server":"ESF","cache-control":"private","x-xss-protection":"0","x-frame-options":"SAMEORIGIN","x-content-type-options":"nosniff","alt-svc":"h3=\":443\"; ma=2592000,h3-29=\":443\"; ma=2592000,h3-Q050=\":443\"; ma=2592000,h3-Q046=\":443\"; ma=2592000,h3-Q043=\":443\"; ma=2592000,quic=\":443\"; ma=2592000; v=\"46,43\"","accept-ranges":"none","transfer-encoding":"chunked"}
[info] i  hosting[watch-box-eb445]: beginning deploy... 
[info] i  hosting[watch-box-eb445]: found 22 files in build 
[debug] [2021-11-10T16:37:50.861Z] > refreshing access token with scopes: []
[debug] [2021-11-10T16:37:50.861Z] >>> HTTP REQUEST POST https://www.googleapis.com/oauth2/v3/token  
 <request body omitted>
[debug] [2021-11-10T16:37:50.863Z] [hosting] hash cache [YnVpbGQ] stored for 22 files
[debug] [2021-11-10T16:37:50.863Z] [hosting][hash queue][FINAL] {"max":478,"min":7,"avg":47.36363636363637,"active":0,"complete":22,"success":22,"errored":0,"retried":0,"total":22,"elapsed":487}
[debug] [2021-11-10T16:37:52.592Z] <<< HTTP RESPONSE 200 {"cache-control":"no-cache, no-store, max-age=0, must-revalidate","pragma":"no-cache","expires":"Mon, 01 Jan 1990 00:00:00 GMT","date":"Wed, 10 Nov 2021 16:37:53 GMT","content-type":"application/json; charset=utf-8","vary":"X-Origin, Referer, Origin,Accept-Encoding","server":"scaffolding on HTTPServer2","x-xss-protection":"0","x-frame-options":"SAMEORIGIN","x-content-type-options":"nosniff","alt-svc":"h3=\":443\"; ma=2592000,h3-29=\":443\"; ma=2592000,h3-Q050=\":443\"; ma=2592000,h3-Q046=\":443\"; ma=2592000,h3-Q043=\":443\"; ma=2592000,quic=\":443\"; ma=2592000; v=\"46,43\"","accept-ranges":"none","transfer-encoding":"chunked"}
[debug] [2021-11-10T16:37:52.605Z] >>> [apiv2][query] POST https://firebasehosting.googleapis.com/v1beta1/sites/watch-box-eb445/versions/98675a233849004a:populateFiles [none]
[debug] [2021-11-10T16:37:52.606Z] >>> [apiv2][body] POST https://firebasehosting.googleapis.com/v1beta1/sites/watch-box-eb445/versions/98675a233849004a:populateFiles {"files":{"/favicon.ico":"dc816e57dc6c775a9bfcf400880f1be5aca2e6fc585a534c85bf62d9516ccf6f","/logo192.png":"3ee59515172ee198f3be375979df15ac5345183e656720a381b8872b2a39dc8b","/logo512.png":"ee7e2f3fdb8209c4b6fd7bef6ba50d1b9dba30a25bb5c3126df057e1cb6f5331","/manifest.json":"aff3449bdc238776f5d6d967f19ec491b36aed5fb7f23ccff6500736fd58494a","/robots.txt":"bfe106a3fb878dc83461c86818bf74fc1bdc7f28538ba613cd3e775516ce8b49","/asset-manifest.json":"52d9ac5c0f7076687eb4e707bc1a41fbe5a0828659b7076e53b688a0fe7feb22","/index.html":"579410d4e5e178067373d1c15f4dd5dacffe02fc87187802e245ace8a98d4d8d","/static/css/main.3e851ee9.chunk.css.map":"81e7bf920ad37eb6d1a9b50d21aed2e0c91844e4a008e9cdbb6f16b9a156770b","/static/js/2.386dd8dd.chunk.js.LICENSE.txt":"fc1f250f9445b6ef3877db43c17a9355e523fcde9117149ea695191af2aafd26","/static/js/3.2d815135.chunk.js":"d36e788a69a1441cba109419672b682d7684f0ddad16b30b73160738304e77fb","/static/js/3.2d815135.chunk.js.map":"9a84ea2360eb0016973bac8306332f5ba59f6543599c338a34b6a636c68483cb","/static/js/main.9856460b.chunk.js":"1dbfca5a58b172d3b8e4db979c56ab70b4a63c22192debc89e4ac372271158b1","/static/css/main.3e851ee9.chunk.css":"1eaf5690ce6da7ffe5929fe92cbdc4d83eb0fb1f59790af88a12c9f6c31f5bf1","/static/js/runtime-main.aa3d7e62.js":"3f69f410c6b4462e8f30f655c8476f20749db685e2e07b97141bd0afbfa4a4c2","/static/js/runtime-main.aa3d7e62.js.map":"ac6d8ac25b856f4dd94164642cf20752cc5776215b58ec2a29e11fd926f9e111","/static/media/logo.6ce24c58.svg":"ac1a3d8899432561573d6a5cf56459437c09b902599a1deb91c0f8d4bb40459d","/static/js/main.9856460b.chunk.js.map":"4758ff7441c96cce36a0d2f082b4f7c28798bcd81f5c87842918b1a970abfdb7","/static/media/watch.85428c1a.png":"da973c824de98924f736b365a609743abcce4eb07bf0ce7ef2d8ae751dd459a7","/static/media/Greubel_PLP_Header_990x618.136d4172.jpg":"060b060aebae0183172058d56001becc799226e59143114cd637528e14244048","/static/media/vecteezy_smart-watch-smartphone-low-poly-wireframe-vector-illustration_.4a1188ac.jpg":"81fab816a6fbd1d54be3c0b5fdc9c0a3a422a708d62ecb5517c55bd4e0fe0c34","/static/js/2.386dd8dd.chunk.js":"6f62bdb54afc374629e8b04d9fe06262c1f88c69a85014b0aa2c215ccabaa06d","/static/js/2.386dd8dd.chunk.js.map":"ec2c3a8613cf72cc7d8490dbba4193449706511e2cb17717ab0773ea02c89e49"}}
[debug] [2021-11-10T16:37:54.670Z] <<< [apiv2][status] POST https://firebasehosting.googleapis.com/v1beta1/sites/watch-box-eb445/versions/98675a233849004a:populateFiles 200
[debug] [2021-11-10T16:37:54.670Z] <<< [apiv2][body] POST https://firebasehosting.googleapis.com/v1beta1/sites/watch-box-eb445/versions/98675a233849004a:populateFiles {"uploadRequiredHashes":["6f62bdb54afc374629e8b04d9fe06262c1f88c69a85014b0aa2c215ccabaa06d","9a84ea2360eb0016973bac8306332f5ba59f6543599c338a34b6a636c68483cb","579410d4e5e178067373d1c15f4dd5dacffe02fc87187802e245ace8a98d4d8d","ec2c3a8613cf72cc7d8490dbba4193449706511e2cb17717ab0773ea02c89e49","d36e788a69a1441cba109419672b682d7684f0ddad16b30b73160738304e77fb","4758ff7441c96cce36a0d2f082b4f7c28798bcd81f5c87842918b1a970abfdb7","ac6d8ac25b856f4dd94164642cf20752cc5776215b58ec2a29e11fd926f9e111","3f69f410c6b4462e8f30f655c8476f20749db685e2e07b97141bd0afbfa4a4c2","52d9ac5c0f7076687eb4e707bc1a41fbe5a0828659b7076e53b688a0fe7feb22","81fab816a6fbd1d54be3c0b5fdc9c0a3a422a708d62ecb5517c55bd4e0fe0c34","fc1f250f9445b6ef3877db43c17a9355e523fcde9117149ea695191af2aafd26","1dbfca5a58b172d3b8e4db979c56ab70b4a63c22192debc89e4ac372271158b1"],"uploadUrl":"https://upload-firebasehosting.googleapis.com/upload/sites/watch-box-eb445/versions/98675a233849004a/files"}
[debug] [2021-11-10T16:37:54.674Z] >>> [apiv2][query] POST https://upload-firebasehosting.googleapis.com/upload/sites/watch-box-eb445/versions/98675a233849004a/files/6f62bdb54afc374629e8b04d9fe06262c1f88c69a85014b0aa2c215ccabaa06d [none]
[debug] [2021-11-10T16:37:54.674Z] >>> [apiv2][body] POST https://upload-firebasehosting.googleapis.com/upload/sites/watch-box-eb445/versions/98675a233849004a/files/6f62bdb54afc374629e8b04d9fe06262c1f88c69a85014b0aa2c215ccabaa06d [stream]
[debug] [2021-11-10T16:37:54.676Z] >>> [apiv2][query] POST https://upload-firebasehosting.googleapis.com/upload/sites/watch-box-eb445/versions/98675a233849004a/files/9a84ea2360eb0016973bac8306332f5ba59f6543599c338a34b6a636c68483cb [none]
[debug] [2021-11-10T16:37:54.676Z] >>> [apiv2][body] POST https://upload-firebasehosting.googleapis.com/upload/sites/watch-box-eb445/versions/98675a233849004a/files/9a84ea2360eb0016973bac8306332f5ba59f6543599c338a34b6a636c68483cb [stream]
[debug] [2021-11-10T16:37:54.677Z] >>> [apiv2][query] POST https://upload-firebasehosting.googleapis.com/upload/sites/watch-box-eb445/versions/98675a233849004a/files/579410d4e5e178067373d1c15f4dd5dacffe02fc87187802e245ace8a98d4d8d [none]
[debug] [2021-11-10T16:37:54.677Z] >>> [apiv2][body] POST https://upload-firebasehosting.googleapis.com/upload/sites/watch-box-eb445/versions/98675a233849004a/files/579410d4e5e178067373d1c15f4dd5dacffe02fc87187802e245ace8a98d4d8d [stream]
[debug] [2021-11-10T16:37:54.678Z] >>> [apiv2][query] POST https://upload-firebasehosting.googleapis.com/upload/sites/watch-box-eb445/versions/98675a233849004a/files/ec2c3a8613cf72cc7d8490dbba4193449706511e2cb17717ab0773ea02c89e49 [none]
[debug] [2021-11-10T16:37:54.679Z] >>> [apiv2][body] POST https://upload-firebasehosting.googleapis.com/upload/sites/watch-box-eb445/versions/98675a233849004a/files/ec2c3a8613cf72cc7d8490dbba4193449706511e2cb17717ab0773ea02c89e49 [stream]
[debug] [2021-11-10T16:37:54.680Z] >>> [apiv2][query] POST https://upload-firebasehosting.googleapis.com/upload/sites/watch-box-eb445/versions/98675a233849004a/files/d36e788a69a1441cba109419672b682d7684f0ddad16b30b73160738304e77fb [none]
[debug] [2021-11-10T16:37:54.680Z] >>> [apiv2][body] POST https://upload-firebasehosting.googleapis.com/upload/sites/watch-box-eb445/versions/98675a233849004a/files/d36e788a69a1441cba109419672b682d7684f0ddad16b30b73160738304e77fb [stream]
[debug] [2021-11-10T16:37:54.681Z] >>> [apiv2][query] POST https://upload-firebasehosting.googleapis.com/upload/sites/watch-box-eb445/versions/98675a233849004a/files/4758ff7441c96cce36a0d2f082b4f7c28798bcd81f5c87842918b1a970abfdb7 [none]
[debug] [2021-11-10T16:37:54.681Z] >>> [apiv2][body] POST https://upload-firebasehosting.googleapis.com/upload/sites/watch-box-eb445/versions/98675a233849004a/files/4758ff7441c96cce36a0d2f082b4f7c28798bcd81f5c87842918b1a970abfdb7 [stream]
[debug] [2021-11-10T16:37:54.682Z] >>> [apiv2][query] POST https://upload-firebasehosting.googleapis.com/upload/sites/watch-box-eb445/versions/98675a233849004a/files/ac6d8ac25b856f4dd94164642cf20752cc5776215b58ec2a29e11fd926f9e111 [none]
[debug] [2021-11-10T16:37:54.682Z] >>> [apiv2][body] POST https://upload-firebasehosting.googleapis.com/upload/sites/watch-box-eb445/versions/98675a233849004a/files/ac6d8ac25b856f4dd94164642cf20752cc5776215b58ec2a29e11fd926f9e111 [stream]
[debug] [2021-11-10T16:37:54.687Z] >>> [apiv2][query] POST https://upload-firebasehosting.googleapis.com/upload/sites/watch-box-eb445/versions/98675a233849004a/files/3f69f410c6b4462e8f30f655c8476f20749db685e2e07b97141bd0afbfa4a4c2 [none]
[debug] [2021-11-10T16:37:54.687Z] >>> [apiv2][body] POST https://upload-firebasehosting.googleapis.com/upload/sites/watch-box-eb445/versions/98675a233849004a/files/3f69f410c6b4462e8f30f655c8476f20749db685e2e07b97141bd0afbfa4a4c2 [stream]
[debug] [2021-11-10T16:37:54.688Z] >>> [apiv2][query] POST https://upload-firebasehosting.googleapis.com/upload/sites/watch-box-eb445/versions/98675a233849004a/files/52d9ac5c0f7076687eb4e707bc1a41fbe5a0828659b7076e53b688a0fe7feb22 [none]
[debug] [2021-11-10T16:37:54.688Z] >>> [apiv2][body] POST https://upload-firebasehosting.googleapis.com/upload/sites/watch-box-eb445/versions/98675a233849004a/files/52d9ac5c0f7076687eb4e707bc1a41fbe5a0828659b7076e53b688a0fe7feb22 [stream]
[debug] [2021-11-10T16:37:54.689Z] >>> [apiv2][query] POST https://upload-firebasehosting.googleapis.com/upload/sites/watch-box-eb445/versions/98675a233849004a/files/81fab816a6fbd1d54be3c0b5fdc9c0a3a422a708d62ecb5517c55bd4e0fe0c34 [none]
[debug] [2021-11-10T16:37:54.689Z] >>> [apiv2][body] POST https://upload-firebasehosting.googleapis.com/upload/sites/watch-box-eb445/versions/98675a233849004a/files/81fab816a6fbd1d54be3c0b5fdc9c0a3a422a708d62ecb5517c55bd4e0fe0c34 [stream]
[debug] [2021-11-10T16:37:54.690Z] >>> [apiv2][query] POST https://upload-firebasehosting.googleapis.com/upload/sites/watch-box-eb445/versions/98675a233849004a/files/fc1f250f9445b6ef3877db43c17a9355e523fcde9117149ea695191af2aafd26 [none]
[debug] [2021-11-10T16:37:54.690Z] >>> [apiv2][body] POST https://upload-firebasehosting.googleapis.com/upload/sites/watch-box-eb445/versions/98675a233849004a/files/fc1f250f9445b6ef3877db43c17a9355e523fcde9117149ea695191af2aafd26 [stream]
[debug] [2021-11-10T16:37:54.691Z] >>> [apiv2][query] POST https://upload-firebasehosting.googleapis.com/upload/sites/watch-box-eb445/versions/98675a233849004a/files/1dbfca5a58b172d3b8e4db979c56ab70b4a63c22192debc89e4ac372271158b1 [none]
[debug] [2021-11-10T16:37:54.691Z] >>> [apiv2][body] POST https://upload-firebasehosting.googleapis.com/upload/sites/watch-box-eb445/versions/98675a233849004a/files/1dbfca5a58b172d3b8e4db979c56ab70b4a63c22192debc89e4ac372271158b1 [stream]
[debug] [2021-11-10T16:37:54.692Z] [hosting][populate queue][FINAL] {"max":3814,"min":3814,"avg":3814,"active":0,"complete":1,"success":1,"errored":0,"retried":0,"total":1,"elapsed":3832}
[debug] [2021-11-10T16:37:54.693Z] [hosting] uploads queued: 12
[debug] [2021-11-10T16:37:56.542Z] <<< [apiv2][status] POST https://upload-firebasehosting.googleapis.com/upload/sites/watch-box-eb445/versions/98675a233849004a/files/d36e788a69a1441cba109419672b682d7684f0ddad16b30b73160738304e77fb 200
[debug] [2021-11-10T16:37:56.542Z] <<< [apiv2][body] POST https://upload-firebasehosting.googleapis.com/upload/sites/watch-box-eb445/versions/98675a233849004a/files/d36e788a69a1441cba109419672b682d7684f0ddad16b30b73160738304e77fb [stream]
[debug] [2021-11-10T16:37:56.564Z] <<< [apiv2][status] POST https://upload-firebasehosting.googleapis.com/upload/sites/watch-box-eb445/versions/98675a233849004a/files/9a84ea2360eb0016973bac8306332f5ba59f6543599c338a34b6a636c68483cb 200
[debug] [2021-11-10T16:37:56.565Z] <<< [apiv2][body] POST https://upload-firebasehosting.googleapis.com/upload/sites/watch-box-eb445/versions/98675a233849004a/files/9a84ea2360eb0016973bac8306332f5ba59f6543599c338a34b6a636c68483cb [stream]
[debug] [2021-11-10T16:37:57.231Z] <<< [apiv2][status] POST https://upload-firebasehosting.googleapis.com/upload/sites/watch-box-eb445/versions/98675a233849004a/files/3f69f410c6b4462e8f30f655c8476f20749db685e2e07b97141bd0afbfa4a4c2 200
[debug] [2021-11-10T16:37:57.231Z] <<< [apiv2][body] POST https://upload-firebasehosting.googleapis.com/upload/sites/watch-box-eb445/versions/98675a233849004a/files/3f69f410c6b4462e8f30f655c8476f20749db685e2e07b97141bd0afbfa4a4c2 [stream]
[debug] [2021-11-10T16:37:57.460Z] <<< [apiv2][status] POST https://upload-firebasehosting.googleapis.com/upload/sites/watch-box-eb445/versions/98675a233849004a/files/ac6d8ac25b856f4dd94164642cf20752cc5776215b58ec2a29e11fd926f9e111 200
[debug] [2021-11-10T16:37:57.461Z] <<< [apiv2][body] POST https://upload-firebasehosting.googleapis.com/upload/sites/watch-box-eb445/versions/98675a233849004a/files/ac6d8ac25b856f4dd94164642cf20752cc5776215b58ec2a29e11fd926f9e111 [stream]
[debug] [2021-11-10T16:37:57.708Z] <<< [apiv2][status] POST https://upload-firebasehosting.googleapis.com/upload/sites/watch-box-eb445/versions/98675a233849004a/files/579410d4e5e178067373d1c15f4dd5dacffe02fc87187802e245ace8a98d4d8d 200
[debug] [2021-11-10T16:37:57.709Z] <<< [apiv2][body] POST https://upload-firebasehosting.googleapis.com/upload/sites/watch-box-eb445/versions/98675a233849004a/files/579410d4e5e178067373d1c15f4dd5dacffe02fc87187802e245ace8a98d4d8d [stream]
[debug] [2021-11-10T16:37:57.730Z] <<< [apiv2][status] POST https://upload-firebasehosting.googleapis.com/upload/sites/watch-box-eb445/versions/98675a233849004a/files/52d9ac5c0f7076687eb4e707bc1a41fbe5a0828659b7076e53b688a0fe7feb22 200
[debug] [2021-11-10T16:37:57.730Z] <<< [apiv2][body] POST https://upload-firebasehosting.googleapis.com/upload/sites/watch-box-eb445/versions/98675a233849004a/files/52d9ac5c0f7076687eb4e707bc1a41fbe5a0828659b7076e53b688a0fe7feb22 [stream]
[debug] [2021-11-10T16:37:57.752Z] <<< [apiv2][status] POST https://upload-firebasehosting.googleapis.com/upload/sites/watch-box-eb445/versions/98675a233849004a/files/4758ff7441c96cce36a0d2f082b4f7c28798bcd81f5c87842918b1a970abfdb7 200
[debug] [2021-11-10T16:37:57.752Z] <<< [apiv2][body] POST https://upload-firebasehosting.googleapis.com/upload/sites/watch-box-eb445/versions/98675a233849004a/files/4758ff7441c96cce36a0d2f082b4f7c28798bcd81f5c87842918b1a970abfdb7 [stream]
[debug] [2021-11-10T16:38:00.345Z] <<< [apiv2][status] POST https://upload-firebasehosting.googleapis.com/upload/sites/watch-box-eb445/versions/98675a233849004a/files/6f62bdb54afc374629e8b04d9fe06262c1f88c69a85014b0aa2c215ccabaa06d 200
[debug] [2021-11-10T16:38:00.345Z] <<< [apiv2][body] POST https://upload-firebasehosting.googleapis.com/upload/sites/watch-box-eb445/versions/98675a233849004a/files/6f62bdb54afc374629e8b04d9fe06262c1f88c69a85014b0aa2c215ccabaa06d [stream]
[debug] [2021-11-10T16:38:01.426Z] <<< [apiv2][status] POST https://upload-firebasehosting.googleapis.com/upload/sites/watch-box-eb445/versions/98675a233849004a/files/1dbfca5a58b172d3b8e4db979c56ab70b4a63c22192debc89e4ac372271158b1 200
[debug] [2021-11-10T16:38:01.426Z] <<< [apiv2][body] POST https://upload-firebasehosting.googleapis.com/upload/sites/watch-box-eb445/versions/98675a233849004a/files/1dbfca5a58b172d3b8e4db979c56ab70b4a63c22192debc89e4ac372271158b1 [stream]
[debug] [2021-11-10T16:38:01.632Z] <<< [apiv2][status] POST https://upload-firebasehosting.googleapis.com/upload/sites/watch-box-eb445/versions/98675a233849004a/files/ec2c3a8613cf72cc7d8490dbba4193449706511e2cb17717ab0773ea02c89e49 200
[debug] [2021-11-10T16:38:01.632Z] <<< [apiv2][body] POST https://upload-firebasehosting.googleapis.com/upload/sites/watch-box-eb445/versions/98675a233849004a/files/ec2c3a8613cf72cc7d8490dbba4193449706511e2cb17717ab0773ea02c89e49 [stream]
[debug] [2021-11-10T16:38:02.024Z] <<< [apiv2][status] POST https://upload-firebasehosting.googleapis.com/upload/sites/watch-box-eb445/versions/98675a233849004a/files/fc1f250f9445b6ef3877db43c17a9355e523fcde9117149ea695191af2aafd26 200
[debug] [2021-11-10T16:38:02.024Z] <<< [apiv2][body] POST https://upload-firebasehosting.googleapis.com/upload/sites/watch-box-eb445/versions/98675a233849004a/files/fc1f250f9445b6ef3877db43c17a9355e523fcde9117149ea695191af2aafd26 [stream]
[debug] [2021-11-10T16:38:05.282Z] <<< [apiv2][status] POST https://upload-firebasehosting.googleapis.com/upload/sites/watch-box-eb445/versions/98675a233849004a/files/81fab816a6fbd1d54be3c0b5fdc9c0a3a422a708d62ecb5517c55bd4e0fe0c34 200
[debug] [2021-11-10T16:38:05.282Z] <<< [apiv2][body] POST https://upload-firebasehosting.googleapis.com/upload/sites/watch-box-eb445/versions/98675a233849004a/files/81fab816a6fbd1d54be3c0b5fdc9c0a3a422a708d62ecb5517c55bd4e0fe0c34 [stream]
[debug] [2021-11-10T16:38:05.282Z] [hosting][upload queue][FINAL] {"max":10609,"min":1871,"avg":4636.166666666667,"active":0,"complete":12,"success":12,"errored":0,"retried":0,"total":12,"elapsed":10612}
[info] +  hosting[watch-box-eb445]: file upload complete 
[debug] [2021-11-10T16:38:05.284Z] [hosting] deploy completed after 14971ms
[debug] [2021-11-10T16:38:05.288Z] [
  {
    "config": {
      "public": "build",
      "rewrites": [
        {
          "source": "**",
          "destination": "/index.html"
        }
      ],
      "ignore": [
        "firebase.json",
        "**/.*",
        "**/node_modules/**"
      ],
      "site": "watch-box-eb445"
    },
    "site": "watch-box-eb445",
    "version": "sites/watch-box-eb445/versions/98675a233849004a"
  }
]
[info] i  hosting[watch-box-eb445]: finalizing version... 
[debug] [2021-11-10T16:38:05.289Z] > refreshing access token with scopes: ["email","https://www.googleapis.com/auth/cloud-platform","https://www.googleapis.com/auth/cloudplatformprojects.readonly","https://www.googleapis.com/auth/firebase","openid"]
[debug] [2021-11-10T16:38:05.290Z] >>> HTTP REQUEST POST https://www.googleapis.com/oauth2/v3/token  
 <request body omitted>
[debug] [2021-11-10T16:38:05.729Z] <<< HTTP RESPONSE 200 {"cache-control":"no-cache, no-store, max-age=0, must-revalidate","expires":"Mon, 01 Jan 1990 00:00:00 GMT","date":"Wed, 10 Nov 2021 16:38:07 GMT","pragma":"no-cache","content-type":"application/json; charset=utf-8","vary":"X-Origin, Referer, Origin,Accept-Encoding","server":"scaffolding on HTTPServer2","x-xss-protection":"0","x-frame-options":"SAMEORIGIN","x-content-type-options":"nosniff","alt-svc":"h3=\":443\"; ma=2592000,h3-29=\":443\"; ma=2592000,h3-Q050=\":443\"; ma=2592000,h3-Q046=\":443\"; ma=2592000,h3-Q043=\":443\"; ma=2592000,quic=\":443\"; ma=2592000; v=\"46,43\"","accept-ranges":"none","transfer-encoding":"chunked"}
[debug] [2021-11-10T16:38:05.743Z] >>> HTTP REQUEST PATCH https://firebasehosting.googleapis.com/v1beta1/sites/watch-box-eb445/versions/98675a233849004a?updateMask=status  
 {"status":"FINALIZED"}
[debug] [2021-11-10T16:38:10.981Z] <<< HTTP RESPONSE 200 {"content-type":"application/json; charset=UTF-8","vary":"X-Origin, Referer, Origin,Accept-Encoding","date":"Wed, 10 Nov 2021 16:38:09 GMT","server":"ESF","cache-control":"private","x-xss-protection":"0","x-frame-options":"SAMEORIGIN","x-content-type-options":"nosniff","alt-svc":"h3=\":443\"; ma=2592000,h3-29=\":443\"; ma=2592000,h3-Q050=\":443\"; ma=2592000,h3-Q046=\":443\"; ma=2592000,h3-Q043=\":443\"; ma=2592000,quic=\":443\"; ma=2592000; v=\"46,43\"","accept-ranges":"none","transfer-encoding":"chunked"}
[debug] [2021-11-10T16:38:10.982Z] [hosting] finalized version for watch-box-eb445: {"name":"sites/watch-box-eb445/versions/98675a233849004a","status":"FINALIZED","config":{"rewrites":[{"glob":"**","path":"/index.html"}]},"labels":{"deployment-tool":"cli-firebase"},"createTime":"2021-11-10T16:37:51.392196Z","createUser":{"email":"wahedemon09@gmail.com"},"finalizeTime":"2021-11-10T16:38:09.884151Z","finalizeUser":{"email":"wahedemon09@gmail.com"}}
[info] +  hosting[watch-box-eb445]: version finalized 
[info] i  hosting[watch-box-eb445]: releasing new version... 
[debug] [2021-11-10T16:38:10.984Z] >>> HTTP REQUEST POST https://firebasehosting.googleapis.com/v1beta1/sites/watch-box-eb445/releases?version_name=sites/watch-box-eb445/versions/98675a233849004a  
 {"message":null}
[debug] [2021-11-10T16:38:12.981Z] <<< HTTP RESPONSE 200 {"content-type":"application/json; charset=UTF-8","vary":"X-Origin, Referer, Origin,Accept-Encoding","date":"Wed, 10 Nov 2021 16:38:14 GMT","server":"ESF","cache-control":"private","x-xss-protection":"0","x-frame-options":"SAMEORIGIN","x-content-type-options":"nosniff","alt-svc":"h3=\":443\"; ma=2592000,h3-29=\":443\"; ma=2592000,h3-Q050=\":443\"; ma=2592000,h3-Q046=\":443\"; ma=2592000,h3-Q043=\":443\"; ma=2592000,quic=\":443\"; ma=2592000; v=\"46,43\"","accept-ranges":"none","transfer-encoding":"chunked"}
[debug] [2021-11-10T16:38:12.982Z] [hosting] release: {"name":"sites/watch-box-eb445/releases/1636562293830027","version":{"name":"sites/watch-box-eb445/versions/98675a233849004a","status":"FINALIZED","config":{"rewrites":[{"glob":"**","path":"/index.html"}]},"labels":{"deployment-tool":"cli-firebase"},"createTime":"2021-11-10T16:37:51.392196Z","createUser":{"email":"wahedemon09@gmail.com"},"finalizeTime":"2021-11-10T16:38:09.884151Z","finalizeUser":{"email":"wahedemon09@gmail.com"}},"type":"DEPLOY","releaseTime":"2021-11-10T16:38:13.830027076Z","releaseUser":{"email":"wahedemon09@gmail.com"}}
[info] +  hosting[watch-box-eb445]: release complete 
[info] 
[info] +  Deploy complete! 
[info] 
[info] Project Console: https://console.firebase.google.com/project/watch-box-eb445/overview
[info] Hosting URL: https://watch-box-eb445.web.app
